mktextfm ecrm1000
mktextfm ptmr8t
mktextfm ptmr8t
mktextfm ptmr8t
mktextfm ptmb8t
mktextfm ptmr8t
mktextfm ptmb8t
mktextfm ptmr8t
mktextfm ptmb8t
mktextfm ptmri8t
mktextfm ptmr8t
mktextfm ptmb8t
mktextfm ptmb8t
mktextfm ptmr8t
mktextfm pcrr8t
mktextfm phvr8t
mktextfm ptmri8t
mktextfm ptmri8t
mktextfm ecrm1000
mktextfm ptmr8t
mktextfm ptmr8t
mktextfm ptmr8t
mktextfm ptmri8t
mktextfm ptmr8t
mktextfm ptmb8t
mktextfm ptmr8t
mktextfm ptmr8t
mktextfm ptmb8t
mktextfm ptmr8t
mktextfm pcrr8t
mktextfm phvr8t
mktextfm ptmri8t
mktextfm ptmri8t
mktextfm ptmb8t
